<?xml version="1.0" encoding="UTF-8"?>
<!-- Generated by org.testng.reporters.JUnitXMLReporter -->
<testsuite ignored="0" hostname="DESKTOP-PJTLFA3" failures="0" tests="3" name="Test1" time="0.055" errors="0" timestamp="2024-05-26T14:01:09 IST">
  <testcase classname="parallelRunInSelenium.BasicParallel" name="TC001" time="0.01"/>
  <testcase classname="parallelRunInSelenium.BasicParallel" name="TC002" time="0.01"/>
  <testcase classname="parallelRunInSelenium.BasicParallel" name="TC003" time="0.01"/>
</testsuite> <!-- Test1 -->
