<?xml version="1.0" encoding="UTF-8"?>
<!-- Generated by org.testng.reporters.JUnitXMLReporter -->
<testsuite ignored="0" hostname="DESKTOP-PJTLFA3" failures="0" tests="3" name="Test" time="0.074" errors="0" timestamp="2024-05-26T13:37:34 IST">
  <testcase classname="parallelRunInSelenium.BasicParallel" name="TC001" time="0.011"/>
  <testcase classname="parallelRunInSelenium.BasicParallel" name="TC002" time="0.002"/>
  <testcase classname="parallelRunInSelenium.BasicParallel" name="TC003" time="0.001"/>
</testsuite> <!-- Test -->
