<?xml version="1.0" encoding="UTF-8"?>
<!-- Generated by org.testng.reporters.JUnitXMLReporter -->
<testsuite ignored="1" hostname="DESKTOP-PJTLFA3" failures="0" tests="2" name="Test2" time="0.005" errors="0" timestamp="2024-05-26T14:01:09 IST">
  <testcase classname="parallelRunInSelenium.BasicParallel2" name="TC004" time="0.0"/>
  <testcase classname="parallelRunInSelenium.BasicParallel2" name="TC005" time="0.002"/>
  <testcase classname="parallelRunInSelenium.BasicParallel2" name="TC006" time="0.0">
    <ignored/>
  </testcase> <!-- TC006 -->
</testsuite> <!-- Test2 -->
