<?xml version="1.0" encoding="UTF-8"?>
<!-- Generated by org.testng.reporters.JUnitXMLReporter -->
<testsuite ignored="2" hostname="DESKTOP-PJTLFA3" failures="0" tests="1" name="Test3" time="0.006" errors="0" timestamp="2024-05-26T14:01:09 IST">
  <testcase classname="parallelRunInSelenium.BasicParallel2" name="TC006" time="0.001"/>
  <testcase classname="parallelRunInSelenium.BasicParallel2" name="TC005" time="0.0">
    <ignored/>
  </testcase> <!-- TC005 -->
  <testcase classname="parallelRunInSelenium.BasicParallel2" name="TC004" time="0.0">
    <ignored/>
  </testcase> <!-- TC004 -->
</testsuite> <!-- Test3 -->
