<?xml version="1.0" encoding="UTF-8"?>
<testng-results ignored="0" total="2" passed="2" failed="0" skipped="0">
  <reporter-output>
  </reporter-output>
  <suite started-at="2024-06-02T13:17:56 IST" name="Default suite" finished-at="2024-06-02T13:18:00 IST" duration-ms="4227">
    <groups>
    </groups>
    <test started-at="2024-06-02T13:17:56 IST" name="Default test" finished-at="2024-06-02T13:18:00 IST" duration-ms="4227">
      <class name="testClass.LoginTest">
        <test-method is-config="true" signature="BrowserInit()[pri:0, instance:testClass.LoginTest@576d5deb]" started-at="2024-06-02T13:17:56 IST" name="BrowserInit" finished-at="2024-06-02T13:17:57 IST" duration-ms="1383" status="PASS">
          <reporter-output>
          </reporter-output>
        </test-method> <!-- BrowserInit -->
        <test-method signature="LauchApp()[pri:1, instance:testClass.LoginTest@576d5deb]" started-at="2024-06-02T13:17:57 IST" name="LauchApp" finished-at="2024-06-02T13:17:59 IST" duration-ms="1835" status="PASS">
          <reporter-output>
          </reporter-output>
        </test-method> <!-- LauchApp -->
        <test-method signature="LoginTest()[pri:2, instance:testClass.LoginTest@576d5deb]" started-at="2024-06-02T13:17:59 IST" name="LoginTest" finished-at="2024-06-02T13:18:00 IST" duration-ms="881" status="PASS">
          <reporter-output>
          </reporter-output>
        </test-method> <!-- LoginTest -->
        <test-method is-config="true" signature="tearDown()[pri:0, instance:testClass.LoginTest@576d5deb]" started-at="2024-06-02T13:18:00 IST" name="tearDown" finished-at="2024-06-02T13:18:00 IST" duration-ms="96" status="PASS">
          <reporter-output>
          </reporter-output>
        </test-method> <!-- tearDown -->
      </class> <!-- testClass.LoginTest -->
    </test> <!-- Default test -->
  </suite> <!-- Default suite -->
</testng-results>
